c:\users\student\desktop\desktopfile\3dgame\tools\instancingdraw\debug\vc142.pdb
c:\users\student\desktop\desktopfile\3dgame\tools\instancingdraw\debug\vc142.idb
c:\users\student\desktop\desktopfile\3dgame\tools\instancingdraw\debug\modeldata.obj
c:\users\student\desktop\desktopfile\3dgame\tools\instancingdraw\debug\title.obj
c:\users\student\desktop\desktopfile\3dgame\tools\instancingdraw\debug\thread.obj
c:\users\student\desktop\desktopfile\3dgame\tools\instancingdraw\debug\texture.obj
c:\users\student\desktop\desktopfile\3dgame\tools\instancingdraw\debug\mode.obj
c:\users\student\desktop\desktopfile\3dgame\tools\instancingdraw\debug\mathutil.obj
c:\users\student\desktop\desktopfile\3dgame\tools\instancingdraw\debug\main.obj
c:\users\student\desktop\desktopfile\3dgame\tools\instancingdraw\debug\light.obj
c:\users\student\desktop\desktopfile\3dgame\tools\instancingdraw\debug\input.obj
c:\users\student\desktop\desktopfile\3dgame\tools\instancingdraw\debug\game.obj
c:\users\student\desktop\desktopfile\3dgame\tools\instancingdraw\debug\fade.obj
c:\users\student\desktop\desktopfile\3dgame\tools\instancingdraw\debug\debugproc.obj
c:\users\student\desktop\desktopfile\3dgame\tools\instancingdraw\debug\camera.obj
c:\users\student\desktop\desktopfile\3dgame\tools\instancingdraw\debug\3dmodel.obj
c:\users\student\desktop\desktopfile\3dgame\tools\instancingdraw\debug\2dpolygon.obj
c:\users\student\desktop\desktopfile\3dgame\tools\instancingdraw\debug\effect.obj
c:\users\student\desktop\desktopfile\3dgame\tools\instancingdraw\debug\instancingmodel.obj
c:\users\student\desktop\desktopfile\3dgame\tools\instancingdraw\debug\effectshader.cso
c:\users\student\desktop\desktopfile\3dgame\tools\instancingdraw\debug\instancingdraw.exe
c:\users\student\desktop\desktopfile\3dgame\tools\instancingdraw\debug\instancingdraw.ilk
c:\users\student\desktop\desktopfile\3dgame\tools\instancingdraw\debug\instancingdraw.pdb
c:\users\student\desktop\desktopfile\3dgame\tools\instancingdraw\debug\instancingdraw.tlog\cl.command.1.tlog
c:\users\student\desktop\desktopfile\3dgame\tools\instancingdraw\debug\instancingdraw.tlog\cl.read.1.tlog
c:\users\student\desktop\desktopfile\3dgame\tools\instancingdraw\debug\instancingdraw.tlog\cl.write.1.tlog
c:\users\student\desktop\desktopfile\3dgame\tools\instancingdraw\debug\instancingdraw.tlog\fxc.command.1.tlog
c:\users\student\desktop\desktopfile\3dgame\tools\instancingdraw\debug\instancingdraw.tlog\fxc.read.1.tlog
c:\users\student\desktop\desktopfile\3dgame\tools\instancingdraw\debug\instancingdraw.tlog\fxc.write.1.tlog
c:\users\student\desktop\desktopfile\3dgame\tools\instancingdraw\debug\instancingdraw.tlog\link.command.1.tlog
c:\users\student\desktop\desktopfile\3dgame\tools\instancingdraw\debug\instancingdraw.tlog\link.read.1.tlog
c:\users\student\desktop\desktopfile\3dgame\tools\instancingdraw\debug\instancingdraw.tlog\link.write.1.tlog
